::ffff:127.0.0.1 - - [25/Oct/2021:00:06:57 +0000] "GET / HTTP/1.1" 200 1873 "-" "Mozilla/5.0 (Macintosh; Intel Mac OS X 10.15; rv:93.0) Gecko/20100101 Firefox/93.0"
::ffff:127.0.0.1 - - [25/Oct/2021:00:06:57 +0000] "GET /favicon.ico HTTP/1.1" 404 54 "http://localhost:4000/" "Mozilla/5.0 (Macintosh; Intel Mac OS X 10.15; rv:93.0) Gecko/20100101 Firefox/93.0"
::ffff:127.0.0.1 - - [25/Oct/2021:00:07:00 +0000] "GET / HTTP/1.1" 200 1873 "-" "Mozilla/5.0 (Macintosh; Intel Mac OS X 10.15; rv:93.0) Gecko/20100101 Firefox/93.0"
::ffff:127.0.0.1 - - [25/Oct/2021:00:08:13 +0000] "GET / HTTP/1.1" 304 - "-" "Mozilla/5.0 (Macintosh; Intel Mac OS X 10.15; rv:93.0) Gecko/20100101 Firefox/93.0"
::ffff:127.0.0.1 - - [25/Oct/2021:00:08:15 +0000] "POST /api/v1/auth HTTP/1.1" 102 54 "http://localhost:4000/" "Mozilla/5.0 (Macintosh; Intel Mac OS X 10.15; rv:93.0) Gecko/20100101 Firefox/93.0"
::ffff:127.0.0.1 - - [25/Oct/2021:00:08:47 +0000] "GET / HTTP/1.1" 304 - "-" "Mozilla/5.0 (Macintosh; Intel Mac OS X 10.15; rv:93.0) Gecko/20100101 Firefox/93.0"
::ffff:127.0.0.1 - - [25/Oct/2021:00:08:47 +0000] "POST /api/v1/auth HTTP/1.1" 102 54 "http://localhost:4000/" "Mozilla/5.0 (Macintosh; Intel Mac OS X 10.15; rv:93.0) Gecko/20100101 Firefox/93.0"
::ffff:127.0.0.1 - - [25/Oct/2021:00:08:52 +0000] "GET / HTTP/1.1" 304 - "-" "Mozilla/5.0 (Macintosh; Intel Mac OS X 10.15; rv:93.0) Gecko/20100101 Firefox/93.0"
::ffff:127.0.0.1 - - [25/Oct/2021:00:08:52 +0000] "POST /api/v1/auth HTTP/1.1" 102 54 "http://localhost:4000/" "Mozilla/5.0 (Macintosh; Intel Mac OS X 10.15; rv:93.0) Gecko/20100101 Firefox/93.0"
::ffff:127.0.0.1 - - [25/Oct/2021:00:10:43 +0000] "POST /api/v1/auth HTTP/1.1" 102 54 "http://localhost:4000/" "Mozilla/5.0 (Macintosh; Intel Mac OS X 10.15; rv:93.0) Gecko/20100101 Firefox/93.0"
::ffff:127.0.0.1 - - [25/Oct/2021:00:11:01 +0000] "GET /api/v1/auth HTTP/1.1" 404 54 "-" "Mozilla/5.0 (Macintosh; Intel Mac OS X 10.15; rv:93.0) Gecko/20100101 Firefox/93.0"
::ffff:127.0.0.1 - - [25/Oct/2021:00:12:11 +0000] "GET /api/v1/auth HTTP/1.1" 404 54 "-" "Mozilla/5.0 (Macintosh; Intel Mac OS X 10.15; rv:93.0) Gecko/20100101 Firefox/93.0"
::ffff:127.0.0.1 - - [25/Oct/2021:00:12:25 +0000] "POST /api/v1/auth HTTP/1.1" 102 54 "http://localhost:4000/" "Mozilla/5.0 (Macintosh; Intel Mac OS X 10.15; rv:93.0) Gecko/20100101 Firefox/93.0"
::ffff:127.0.0.1 - - [25/Oct/2021:00:13:06 +0000] "GET / HTTP/1.1" 200 1900 "-" "Mozilla/5.0 (Macintosh; Intel Mac OS X 10.15; rv:93.0) Gecko/20100101 Firefox/93.0"
::ffff:127.0.0.1 - - [25/Oct/2021:00:13:12 +0000] "POST /api/v1/auth HTTP/1.1" 102 54 "http://localhost:4000/" "Mozilla/5.0 (Macintosh; Intel Mac OS X 10.15; rv:93.0) Gecko/20100101 Firefox/93.0"
::1 - - [25/Oct/2021:00:14:11 +0000] "POST /api/v1/auth HTTP/1.1" 400 102 "-" "PostmanRuntime/7.28.4"
::1 - - [25/Oct/2021:00:14:42 +0000] "POST /api/v1/auth HTTP/1.1" 102 54 "-" "PostmanRuntime/7.28.4"
::1 - - [25/Oct/2021:00:15:03 +0000] "POST /api/v1/auth HTTP/1.1" 102 54 "-" "PostmanRuntime/7.28.4"
::1 - - [25/Oct/2021:00:16:24 +0000] "POST /api/v1/auth HTTP/1.1" 102 54 "-" "PostmanRuntime/7.28.4"
::1 - - [25/Oct/2021:00:18:45 +0000] "POST /api/v1/auth HTTP/1.1" 102 54 "-" "PostmanRuntime/7.28.4"
::1 - - [25/Oct/2021:00:19:05 +0000] "POST /api/v1/auth HTTP/1.1" 401 102 "-" "PostmanRuntime/7.28.4"
::1 - - [25/Oct/2021:00:19:22 +0000] "POST /api/v1/auth HTTP/1.1" 401 102 "-" "PostmanRuntime/7.28.4"
::1 - - [25/Oct/2021:00:22:53 +0000] "POST /api/v1/auth HTTP/1.1" 500 132 "-" "PostmanRuntime/7.28.4"
::1 - - [25/Oct/2021:00:29:18 +0000] "POST /api/v1/auth HTTP/1.1" - - "-" "PostmanRuntime/7.28.4"
::1 - - [25/Oct/2021:00:36:38 +0000] "POST /api/v1/auth HTTP/1.1" 500 285 "-" "PostmanRuntime/7.28.4"
::1 - - [25/Oct/2021:00:36:54 +0000] "POST /api/v1/auth HTTP/1.1" 500 285 "-" "PostmanRuntime/7.28.4"
::1 - - [25/Oct/2021:00:38:35 +0000] "POST /api/v1/auth HTTP/1.1" 500 285 "-" "PostmanRuntime/7.28.4"
::1 - - [25/Oct/2021:00:40:39 +0000] "POST /api/v1/auth HTTP/1.1" 500 285 "-" "PostmanRuntime/7.28.4"
::1 - - [25/Oct/2021:00:40:52 +0000] "POST /api/v1/auth HTTP/1.1" 500 138 "-" "PostmanRuntime/7.28.4"
::1 - - [25/Oct/2021:00:44:13 +0000] "POST /api/v1/auth HTTP/1.1" 201 409 "-" "PostmanRuntime/7.28.4"
::1 - - [25/Oct/2021:00:45:18 +0000] "POST /api/v1/auth HTTP/1.1" 201 409 "-" "PostmanRuntime/7.28.4"
::1 - - [25/Oct/2021:00:59:14 +0000] "POST /api/v1/auth HTTP/1.1" 201 409 "-" "PostmanRuntime/7.28.4"
::1 - - [25/Oct/2021:01:04:42 +0000] "POST /api/v1/auth HTTP/1.1" 500 132 "-" "PostmanRuntime/7.28.4"
::1 - - [25/Oct/2021:01:09:02 +0000] "POST /api/v1/auth HTTP/1.1" 500 123 "-" "PostmanRuntime/7.28.4"
::1 - - [25/Oct/2021:01:10:02 +0000] "POST /api/v1/auth HTTP/1.1" 500 123 "-" "PostmanRuntime/7.28.4"
::1 - - [25/Oct/2021:01:11:00 +0000] "POST /api/v1/auth HTTP/1.1" 500 123 "-" "PostmanRuntime/7.28.4"
::1 - - [25/Oct/2021:01:12:39 +0000] "POST /api/v1/auth HTTP/1.1" 500 123 "-" "PostmanRuntime/7.28.4"
::1 - - [25/Oct/2021:01:12:50 +0000] "POST /api/v1/auth HTTP/1.1" 201 409 "-" "PostmanRuntime/7.28.4"
::1 - - [25/Oct/2021:01:17:32 +0000] "POST /api/v1/auth HTTP/1.1" 500 123 "-" "PostmanRuntime/7.28.4"
::1 - - [25/Oct/2021:01:22:19 +0000] "POST /api/v1/auth HTTP/1.1" 500 782 "-" "PostmanRuntime/7.28.4"
::ffff:127.0.0.1 - - [25/Oct/2021:01:22:33 +0000] "GET / HTTP/1.1" 200 1900 "-" "Mozilla/5.0 (Macintosh; Intel Mac OS X 10.15; rv:93.0) Gecko/20100101 Firefox/93.0"
::ffff:127.0.0.1 - - [25/Oct/2021:01:22:36 +0000] "POST /api/v1/auth HTTP/1.1" 201 409 "http://localhost:4000/" "Mozilla/5.0 (Macintosh; Intel Mac OS X 10.15; rv:93.0) Gecko/20100101 Firefox/93.0"
::1 - - [25/Oct/2021:01:22:56 +0000] "POST /api/v1/auth HTTP/1.1" 201 409 "-" "PostmanRuntime/7.28.4"
::1 - - [25/Oct/2021:01:23:24 +0000] "POST /api/v1/auth HTTP/1.1" 201 409 "-" "PostmanRuntime/7.28.4"
::1 - - [25/Oct/2021:01:24:36 +0000] "POST /api/v1/auth HTTP/1.1" 500 171 "-" "PostmanRuntime/7.28.4"
::1 - - [25/Oct/2021:01:25:58 +0000] "POST /api/v1/auth HTTP/1.1" 500 175 "-" "PostmanRuntime/7.28.4"
::1 - - [25/Oct/2021:01:34:56 +0000] "POST /api/v1/auth HTTP/1.1" 201 409 "-" "PostmanRuntime/7.28.4"
::1 - - [25/Oct/2021:01:35:17 +0000] "POST /api/v1/auth HTTP/1.1" 201 409 "-" "PostmanRuntime/7.28.4"
::1 - - [25/Oct/2021:01:35:40 +0000] "POST /api/v1/auth HTTP/1.1" 201 409 "-" "PostmanRuntime/7.28.4"
::1 - - [25/Oct/2021:01:35:55 +0000] "POST /api/v1/auth HTTP/1.1" 201 409 "-" "PostmanRuntime/7.28.4"
::1 - - [25/Oct/2021:01:36:18 +0000] "POST /api/v1/auth HTTP/1.1" 201 409 "-" "PostmanRuntime/7.28.4"
::1 - - [25/Oct/2021:01:39:06 +0000] "POST /api/v1/auth HTTP/1.1" 500 132 "-" "PostmanRuntime/7.28.4"
::1 - - [25/Oct/2021:01:46:43 +0000] "POST /api/v1/auth HTTP/1.1" 500 165 "-" "PostmanRuntime/7.28.4"
::1 - - [25/Oct/2021:01:47:15 +0000] "POST /api/v1/auth HTTP/1.1" 500 145 "-" "PostmanRuntime/7.28.4"
::1 - - [25/Oct/2021:01:47:57 +0000] "POST /api/v1/auth HTTP/1.1" 500 165 "-" "PostmanRuntime/7.28.4"
::1 - - [25/Oct/2021:01:48:57 +0000] "POST /api/v1/auth HTTP/1.1" 500 132 "-" "PostmanRuntime/7.28.4"
::1 - - [25/Oct/2021:01:50:28 +0000] "POST /api/v1/auth HTTP/1.1" 500 123 "-" "PostmanRuntime/7.28.4"
::1 - - [25/Oct/2021:01:53:19 +0000] "POST /api/v1/auth HTTP/1.1" 500 123 "-" "PostmanRuntime/7.28.4"
::1 - - [25/Oct/2021:01:53:52 +0000] "POST /api/v1/auth HTTP/1.1" 500 105 "-" "PostmanRuntime/7.28.4"
::1 - - [25/Oct/2021:01:54:00 +0000] "POST /api/v1/auth HTTP/1.1" 201 409 "-" "PostmanRuntime/7.28.4"
::1 - - [25/Oct/2021:01:54:50 +0000] "POST /api/v1/auth HTTP/1.1" 500 123 "-" "PostmanRuntime/7.28.4"
::1 - - [25/Oct/2021:02:01:24 +0000] "POST /api/v1/auth HTTP/1.1" 500 123 "-" "PostmanRuntime/7.28.4"
::1 - - [25/Oct/2021:03:21:22 +0000] "POST /api/v1/auth HTTP/1.1" 500 782 "-" "PostmanRuntime/7.28.4"
::ffff:127.0.0.1 - - [25/Oct/2021:03:21:30 +0000] "GET / HTTP/1.1" 304 - "-" "Mozilla/5.0 (Macintosh; Intel Mac OS X 10.15; rv:93.0) Gecko/20100101 Firefox/93.0"
::ffff:127.0.0.1 - - [25/Oct/2021:03:21:31 +0000] "GET /favicon.ico HTTP/1.1" - - "http://localhost:4000/" "Mozilla/5.0 (Macintosh; Intel Mac OS X 10.15; rv:93.0) Gecko/20100101 Firefox/93.0"
::ffff:127.0.0.1 - - [25/Oct/2021:03:21:32 +0000] "POST /api/v1/auth HTTP/1.1" 201 409 "http://localhost:4000/" "Mozilla/5.0 (Macintosh; Intel Mac OS X 10.15; rv:93.0) Gecko/20100101 Firefox/93.0"
::1 - - [25/Oct/2021:03:21:47 +0000] "POST /api/v1/auth HTTP/1.1" 201 409 "-" "PostmanRuntime/7.28.4"
::1 - - [25/Oct/2021:03:22:22 +0000] "POST /api/v1/auth HTTP/1.1" 201 409 "-" "PostmanRuntime/7.28.4"
::1 - - [25/Oct/2021:03:22:39 +0000] "POST /api/v1/auth HTTP/1.1" 500 129 "-" "PostmanRuntime/7.28.4"
::1 - - [25/Oct/2021:03:22:51 +0000] "POST /api/v1/auth HTTP/1.1" 201 409 "-" "PostmanRuntime/7.28.4"
::1 - - [25/Oct/2021:03:23:08 +0000] "POST /api/v1/auth HTTP/1.1" 201 409 "-" "PostmanRuntime/7.28.4"
::1 - - [25/Oct/2021:03:24:11 +0000] "POST /api/v1/auth HTTP/1.1" 201 409 "-" "PostmanRuntime/7.28.4"
::1 - - [25/Oct/2021:03:27:14 +0000] "POST /api/v1/auth HTTP/1.1" 500 300 "-" "PostmanRuntime/7.28.4"
::1 - - [25/Oct/2021:03:32:20 +0000] "POST /api/v1/auth HTTP/1.1" 500 123 "-" "PostmanRuntime/7.28.4"
::1 - - [25/Oct/2021:03:42:23 +0000] "POST /api/v1/auth HTTP/1.1" 500 122 "-" "PostmanRuntime/7.28.4"
::1 - - [25/Oct/2021:03:43:03 +0000] "POST /api/v1/auth HTTP/1.1" 500 134 "-" "PostmanRuntime/7.28.4"
::1 - - [25/Oct/2021:03:43:38 +0000] "POST /api/v1/auth HTTP/1.1" 500 131 "-" "PostmanRuntime/7.28.4"
::1 - - [25/Oct/2021:03:44:04 +0000] "POST /api/v1/auth HTTP/1.1" 500 132 "-" "PostmanRuntime/7.28.4"
::1 - - [25/Oct/2021:03:44:13 +0000] "POST /api/v1/auth HTTP/1.1" 500 165 "-" "PostmanRuntime/7.28.4"
::1 - - [25/Oct/2021:03:45:14 +0000] "POST /api/v1/auth HTTP/1.1" 500 132 "-" "PostmanRuntime/7.28.4"
::1 - - [25/Oct/2021:03:46:07 +0000] "POST /api/v1/auth HTTP/1.1" 500 165 "-" "PostmanRuntime/7.28.4"
::1 - - [25/Oct/2021:03:51:36 +0000] "POST /api/v1/auth HTTP/1.1" 500 165 "-" "PostmanRuntime/7.28.4"
::1 - - [25/Oct/2021:04:00:24 +0000] "POST /api/v1/auth HTTP/1.1" 500 120 "-" "PostmanRuntime/7.28.4"
::1 - - [25/Oct/2021:04:01:24 +0000] "POST /api/v1/auth HTTP/1.1" 201 409 "-" "PostmanRuntime/7.28.4"
::1 - - [25/Oct/2021:04:03:08 +0000] "POST /api/v1/auth HTTP/1.1" 201 409 "-" "PostmanRuntime/7.28.4"
::1 - - [25/Oct/2021:04:03:30 +0000] "POST /api/v1/auth HTTP/1.1" 201 409 "-" "PostmanRuntime/7.28.4"
::1 - - [25/Oct/2021:04:04:35 +0000] "POST /api/v1/auth HTTP/1.1" 201 409 "-" "PostmanRuntime/7.28.4"
::1 - - [25/Oct/2021:04:16:48 +0000] "POST /api/v1/auth HTTP/1.1" 500 106 "-" "PostmanRuntime/7.28.4"
::1 - - [25/Oct/2021:04:17:00 +0000] "POST /api/v1/auth HTTP/1.1" 201 409 "-" "PostmanRuntime/7.28.4"
::1 - - [25/Oct/2021:04:22:51 +0000] "POST /api/v1/auth HTTP/1.1" 500 107 "-" "PostmanRuntime/7.28.4"
::1 - - [25/Oct/2021:04:27:54 +0000] "POST /api/v1/auth HTTP/1.1" 500 782 "-" "PostmanRuntime/7.28.4"
::ffff:127.0.0.1 - - [25/Oct/2021:04:28:00 +0000] "GET / HTTP/1.1" 200 1900 "-" "Mozilla/5.0 (Macintosh; Intel Mac OS X 10.15; rv:93.0) Gecko/20100101 Firefox/93.0"
::1 - - [25/Oct/2021:04:33:08 +0000] "POST /api/v1/auth HTTP/1.1" 201 409 "-" "PostmanRuntime/7.28.4"
::1 - - [25/Oct/2021:04:34:50 +0000] "POST /api/v1/auth HTTP/1.1" 201 409 "-" "PostmanRuntime/7.28.4"
::1 - - [25/Oct/2021:04:35:28 +0000] "POST /api/v1/auth HTTP/1.1" 201 409 "-" "PostmanRuntime/7.28.4"
::1 - - [25/Oct/2021:04:36:02 +0000] "POST /api/v1/auth HTTP/1.1" 201 409 "-" "PostmanRuntime/7.28.4"
::1 - - [25/Oct/2021:04:37:30 +0000] "POST /api/v1/auth HTTP/1.1" 201 409 "-" "PostmanRuntime/7.28.4"
::1 - - [25/Oct/2021:04:37:44 +0000] "POST /api/v1/auth HTTP/1.1" 201 409 "-" "PostmanRuntime/7.28.4"
::1 - - [25/Oct/2021:04:38:04 +0000] "POST /api/v1/auth HTTP/1.1" 201 409 "-" "PostmanRuntime/7.28.4"
::1 - - [25/Oct/2021:04:38:16 +0000] "POST /api/v1/auth HTTP/1.1" 201 409 "-" "PostmanRuntime/7.28.4"
::1 - - [25/Oct/2021:04:39:23 +0000] "POST /api/v1/auth HTTP/1.1" 201 409 "-" "PostmanRuntime/7.28.4"
::1 - - [25/Oct/2021:04:39:51 +0000] "POST /api/v1/auth HTTP/1.1" 201 409 "-" "PostmanRuntime/7.28.4"
::1 - - [25/Oct/2021:04:40:10 +0000] "POST /api/v1/auth HTTP/1.1" 201 409 "-" "PostmanRuntime/7.28.4"
::1 - - [25/Oct/2021:04:40:38 +0000] "POST /api/v1/auth HTTP/1.1" 201 409 "-" "PostmanRuntime/7.28.4"
::1 - - [25/Oct/2021:04:45:08 +0000] "POST /api/v1/auth HTTP/1.1" 500 136 "-" "PostmanRuntime/7.28.4"
::1 - - [25/Oct/2021:04:46:04 +0000] "POST /api/v1/auth HTTP/1.1" 500 136 "-" "PostmanRuntime/7.28.4"
::1 - - [25/Oct/2021:04:48:17 +0000] "POST /api/v1/auth HTTP/1.1" 500 136 "-" "PostmanRuntime/7.28.4"
::1 - - [25/Oct/2021:04:48:45 +0000] "POST /api/v1/auth HTTP/1.1" 500 136 "-" "PostmanRuntime/7.28.4"
::1 - - [25/Oct/2021:04:50:33 +0000] "POST /api/v1/auth HTTP/1.1" 201 409 "-" "PostmanRuntime/7.28.4"
::1 - - [25/Oct/2021:04:52:21 +0000] "POST /api/v1/auth HTTP/1.1" 500 165 "-" "PostmanRuntime/7.28.4"
::1 - - [25/Oct/2021:04:52:41 +0000] "POST /api/v1/auth HTTP/1.1" 500 165 "-" "PostmanRuntime/7.28.4"
::1 - - [25/Oct/2021:04:52:58 +0000] "POST /api/v1/auth HTTP/1.1" 500 165 "-" "PostmanRuntime/7.28.4"
::1 - - [25/Oct/2021:04:55:33 +0000] "POST /api/v1/auth HTTP/1.1" 500 132 "-" "PostmanRuntime/7.28.4"
::1 - - [25/Oct/2021:04:56:48 +0000] "POST /api/v1/auth HTTP/1.1" 201 409 "-" "PostmanRuntime/7.28.4"
::1 - - [25/Oct/2021:05:03:20 +0000] "POST /api/v1/auth HTTP/1.1" 201 409 "-" "PostmanRuntime/7.28.4"
::1 - - [25/Oct/2021:05:09:05 +0000] "POST /api/v1/auth HTTP/1.1" 201 409 "-" "PostmanRuntime/7.28.4"
::1 - - [25/Oct/2021:05:09:48 +0000] "POST /api/v1/auth HTTP/1.1" 201 409 "-" "PostmanRuntime/7.28.4"
::1 - - [25/Oct/2021:05:10:36 +0000] "POST /api/v1/auth HTTP/1.1" 201 409 "-" "PostmanRuntime/7.28.4"
::1 - - [25/Oct/2021:05:11:35 +0000] "POST /api/v1/auth HTTP/1.1" 201 409 "-" "PostmanRuntime/7.28.4"
::1 - - [25/Oct/2021:05:12:26 +0000] "POST /api/v1/auth HTTP/1.1" 201 409 "-" "PostmanRuntime/7.28.4"
::1 - - [25/Oct/2021:05:14:31 +0000] "POST /api/v1/auth HTTP/1.1" 201 409 "-" "PostmanRuntime/7.28.4"
::1 - - [25/Oct/2021:05:15:06 +0000] "POST /api/v1/auth HTTP/1.1" 201 409 "-" "PostmanRuntime/7.28.4"
::1 - - [25/Oct/2021:05:15:30 +0000] "POST /api/v1/auth HTTP/1.1" 201 409 "-" "PostmanRuntime/7.28.4"
::1 - - [25/Oct/2021:05:16:07 +0000] "POST /api/v1/auth HTTP/1.1" 500 108 "-" "PostmanRuntime/7.28.4"
::1 - - [25/Oct/2021:05:16:19 +0000] "POST /api/v1/auth HTTP/1.1" 500 108 "-" "PostmanRuntime/7.28.4"
::1 - - [25/Oct/2021:05:16:34 +0000] "POST /api/v1/auth HTTP/1.1" 201 409 "-" "PostmanRuntime/7.28.4"
::1 - - [25/Oct/2021:05:16:54 +0000] "POST /api/v1/auth HTTP/1.1" 201 409 "-" "PostmanRuntime/7.28.4"
::1 - - [25/Oct/2021:05:17:17 +0000] "POST /api/v1/auth HTTP/1.1" 201 409 "-" "PostmanRuntime/7.28.4"
::1 - - [25/Oct/2021:05:18:02 +0000] "POST /api/v1/auth HTTP/1.1" 201 409 "-" "PostmanRuntime/7.28.4"
::1 - - [25/Oct/2021:05:18:15 +0000] "POST /api/v1/auth HTTP/1.1" 201 409 "-" "PostmanRuntime/7.28.4"
::1 - - [25/Oct/2021:05:18:31 +0000] "POST /api/v1/auth HTTP/1.1" 201 409 "-" "PostmanRuntime/7.28.4"
::1 - - [25/Oct/2021:05:18:55 +0000] "POST /api/v1/auth HTTP/1.1" 201 409 "-" "PostmanRuntime/7.28.4"
::1 - - [25/Oct/2021:05:19:02 +0000] "POST /api/v1/auth HTTP/1.1" 201 409 "-" "PostmanRuntime/7.28.4"
::1 - - [25/Oct/2021:05:19:07 +0000] "POST /api/v1/auth HTTP/1.1" 201 409 "-" "PostmanRuntime/7.28.4"
::1 - - [25/Oct/2021:05:19:24 +0000] "POST /api/v1/auth HTTP/1.1" 201 409 "-" "PostmanRuntime/7.28.4"
::1 - - [25/Oct/2021:05:19:32 +0000] "POST /api/v1/auth HTTP/1.1" 201 409 "-" "PostmanRuntime/7.28.4"
::1 - - [25/Oct/2021:05:20:09 +0000] "POST /api/v1/auth HTTP/1.1" 201 409 "-" "PostmanRuntime/7.28.4"
::1 - - [25/Oct/2021:05:20:13 +0000] "POST /api/v1/auth HTTP/1.1" 201 409 "-" "PostmanRuntime/7.28.4"
::1 - - [25/Oct/2021:05:20:21 +0000] "POST /api/v1/auth HTTP/1.1" 201 409 "-" "PostmanRuntime/7.28.4"
::1 - - [25/Oct/2021:05:20:54 +0000] "POST /api/v1/auth HTTP/1.1" 201 409 "-" "PostmanRuntime/7.28.4"
::1 - - [25/Oct/2021:05:21:18 +0000] "POST /api/v1/auth HTTP/1.1" 201 409 "-" "PostmanRuntime/7.28.4"
::1 - - [25/Oct/2021:05:21:45 +0000] "POST /api/v1/auth HTTP/1.1" 500 782 "-" "PostmanRuntime/7.28.4"
::ffff:127.0.0.1 - - [25/Oct/2021:05:21:54 +0000] "GET / HTTP/1.1" 304 - "-" "Mozilla/5.0 (Macintosh; Intel Mac OS X 10.15; rv:93.0) Gecko/20100101 Firefox/93.0"
::ffff:127.0.0.1 - - [25/Oct/2021:05:21:55 +0000] "POST /api/v1/auth HTTP/1.1" 201 409 "http://localhost:4000/" "Mozilla/5.0 (Macintosh; Intel Mac OS X 10.15; rv:93.0) Gecko/20100101 Firefox/93.0"
::1 - - [25/Oct/2021:05:22:08 +0000] "POST /api/v1/auth HTTP/1.1" 201 409 "-" "PostmanRuntime/7.28.4"
::1 - - [25/Oct/2021:05:22:22 +0000] "POST /api/v1/auth HTTP/1.1" 201 409 "-" "PostmanRuntime/7.28.4"
::1 - - [25/Oct/2021:05:22:58 +0000] "POST /api/v1/auth HTTP/1.1" 201 409 "-" "PostmanRuntime/7.28.4"
::1 - - [25/Oct/2021:05:23:14 +0000] "POST /api/v1/auth HTTP/1.1" 201 409 "-" "PostmanRuntime/7.28.4"
::1 - - [25/Oct/2021:05:23:38 +0000] "POST /api/v1/auth HTTP/1.1" 201 409 "-" "PostmanRuntime/7.28.4"
::1 - - [25/Oct/2021:05:23:47 +0000] "POST /api/v1/auth HTTP/1.1" 201 409 "-" "PostmanRuntime/7.28.4"
::1 - - [25/Oct/2021:05:23:51 +0000] "POST /api/v1/auth HTTP/1.1" 201 409 "-" "PostmanRuntime/7.28.4"
::1 - - [25/Oct/2021:05:24:03 +0000] "POST /api/v1/auth HTTP/1.1" 201 409 "-" "PostmanRuntime/7.28.4"
::1 - - [25/Oct/2021:05:24:24 +0000] "POST /api/v1/auth HTTP/1.1" 201 409 "-" "PostmanRuntime/7.28.4"
::1 - - [25/Oct/2021:05:24:30 +0000] "POST /api/v1/auth HTTP/1.1" 201 409 "-" "PostmanRuntime/7.28.4"
::1 - - [25/Oct/2021:05:25:08 +0000] "POST /api/v1/auth HTTP/1.1" 201 409 "-" "PostmanRuntime/7.28.4"
::1 - - [25/Oct/2021:05:26:20 +0000] "POST /api/v1/auth HTTP/1.1" 201 409 "-" "PostmanRuntime/7.28.4"
::1 - - [25/Oct/2021:05:26:40 +0000] "POST /api/v1/auth HTTP/1.1" 201 409 "-" "PostmanRuntime/7.28.4"
::1 - - [25/Oct/2021:05:26:46 +0000] "POST /api/v1/auth HTTP/1.1" 201 409 "-" "PostmanRuntime/7.28.4"
::1 - - [25/Oct/2021:05:26:59 +0000] "POST /api/v1/auth HTTP/1.1" 201 409 "-" "PostmanRuntime/7.28.4"
::1 - - [25/Oct/2021:05:27:30 +0000] "POST /api/v1/auth HTTP/1.1" 201 409 "-" "PostmanRuntime/7.28.4"
::1 - - [25/Oct/2021:05:27:37 +0000] "POST /api/v1/auth HTTP/1.1" 201 409 "-" "PostmanRuntime/7.28.4"
::1 - - [25/Oct/2021:05:28:07 +0000] "POST /api/v1/auth HTTP/1.1" 201 409 "-" "PostmanRuntime/7.28.4"
::1 - - [25/Oct/2021:05:28:45 +0000] "POST /api/v1/auth HTTP/1.1" 201 409 "-" "PostmanRuntime/7.28.4"
::1 - - [25/Oct/2021:05:28:56 +0000] "POST /api/v1/auth HTTP/1.1" 201 409 "-" "PostmanRuntime/7.28.4"
::1 - - [25/Oct/2021:05:29:04 +0000] "POST /api/v1/auth HTTP/1.1" 201 409 "-" "PostmanRuntime/7.28.4"
::1 - - [25/Oct/2021:05:29:25 +0000] "POST /api/v1/auth HTTP/1.1" 201 409 "-" "PostmanRuntime/7.28.4"
::1 - - [25/Oct/2021:05:29:31 +0000] "POST /api/v1/auth HTTP/1.1" 201 409 "-" "PostmanRuntime/7.28.4"
::1 - - [25/Oct/2021:05:29:36 +0000] "POST /api/v1/auth HTTP/1.1" 201 409 "-" "PostmanRuntime/7.28.4"
::1 - - [25/Oct/2021:05:29:44 +0000] "POST /api/v1/auth HTTP/1.1" 201 409 "-" "PostmanRuntime/7.28.4"
::1 - - [25/Oct/2021:05:29:47 +0000] "POST /api/v1/auth HTTP/1.1" 201 409 "-" "PostmanRuntime/7.28.4"
::1 - - [25/Oct/2021:05:31:16 +0000] "POST /api/v1/auth HTTP/1.1" 201 409 "-" "PostmanRuntime/7.28.4"
::1 - - [25/Oct/2021:05:31:21 +0000] "POST /api/v1/auth HTTP/1.1" 201 409 "-" "PostmanRuntime/7.28.4"
::1 - - [25/Oct/2021:05:33:59 +0000] "POST /api/v1/auth HTTP/1.1" 201 409 "-" "PostmanRuntime/7.28.4"
::1 - - [25/Oct/2021:05:34:04 +0000] "POST /api/v1/auth HTTP/1.1" 201 409 "-" "PostmanRuntime/7.28.4"
::1 - - [25/Oct/2021:05:34:08 +0000] "POST /api/v1/auth HTTP/1.1" 201 409 "-" "PostmanRuntime/7.28.4"
::1 - - [25/Oct/2021:05:34:12 +0000] "POST /api/v1/auth HTTP/1.1" 201 409 "-" "PostmanRuntime/7.28.4"
::1 - - [25/Oct/2021:05:34:16 +0000] "POST /api/v1/auth HTTP/1.1" 201 409 "-" "PostmanRuntime/7.28.4"
::1 - - [25/Oct/2021:05:34:19 +0000] "POST /api/v1/auth HTTP/1.1" 201 409 "-" "PostmanRuntime/7.28.4"
::1 - - [25/Oct/2021:05:35:55 +0000] "POST /api/v1/auth HTTP/1.1" 500 111 "-" "PostmanRuntime/7.28.4"
::1 - - [25/Oct/2021:05:36:18 +0000] "POST /api/v1/auth HTTP/1.1" 201 644 "-" "PostmanRuntime/7.28.4"
::1 - - [25/Oct/2021:05:46:34 +0000] "POST /api/v1/auth HTTP/1.1" 201 644 "-" "PostmanRuntime/7.28.4"
::1 - - [25/Oct/2021:05:46:52 +0000] "POST /api/v1/auth HTTP/1.1" 201 644 "-" "PostmanRuntime/7.28.4"
::1 - - [25/Oct/2021:06:29:53 +0000] "GET /api/v1/users HTTP/1.1" 401 96 "-" "PostmanRuntime/7.28.4"
::ffff:127.0.0.1 - - [25/Oct/2021:06:30:03 +0000] "GET / HTTP/1.1" 304 - "-" "Mozilla/5.0 (Macintosh; Intel Mac OS X 10.15; rv:93.0) Gecko/20100101 Firefox/93.0"
::ffff:127.0.0.1 - - [25/Oct/2021:06:30:04 +0000] "POST /api/v1/auth HTTP/1.1" 201 644 "http://localhost:4000/" "Mozilla/5.0 (Macintosh; Intel Mac OS X 10.15; rv:93.0) Gecko/20100101 Firefox/93.0"
::1 - - [25/Oct/2021:06:30:16 +0000] "POST /api/v1/auth HTTP/1.1" 201 644 "-" "PostmanRuntime/7.28.4"
::1 - - [25/Oct/2021:06:30:27 +0000] "GET /api/v1/users HTTP/1.1" 401 96 "-" "PostmanRuntime/7.28.4"
::1 - - [25/Oct/2021:06:43:16 +0000] "POST /api/v1/auth HTTP/1.1" 201 644 "-" "PostmanRuntime/7.28.4"
::1 - - [25/Oct/2021:06:49:18 +0000] "POST /api/v1/auth HTTP/1.1" 201 644 "-" "PostmanRuntime/7.28.4"
::1 - - [25/Oct/2021:06:51:21 +0000] "POST /api/v1/auth HTTP/1.1" 201 644 "-" "PostmanRuntime/7.28.4"
::1 - - [25/Oct/2021:06:52:35 +0000] "POST /api/v1/auth HTTP/1.1" 201 644 "-" "PostmanRuntime/7.28.4"
::1 - - [25/Oct/2021:06:52:51 +0000] "POST /api/v1/auth HTTP/1.1" 201 644 "-" "PostmanRuntime/7.28.4"
::1 - - [25/Oct/2021:06:53:01 +0000] "POST /api/v1/auth HTTP/1.1" 201 644 "-" "PostmanRuntime/7.28.4"
::1 - - [25/Oct/2021:06:53:35 +0000] "POST /api/v1/auth HTTP/1.1" 201 644 "-" "PostmanRuntime/7.28.4"
::1 - - [25/Oct/2021:06:53:40 +0000] "POST /api/v1/auth HTTP/1.1" 201 644 "-" "PostmanRuntime/7.28.4"
::1 - - [25/Oct/2021:06:54:22 +0000] "POST /api/v1/auth HTTP/1.1" 201 644 "-" "PostmanRuntime/7.28.4"
::1 - - [25/Oct/2021:06:54:57 +0000] "POST /api/v1/auth HTTP/1.1" 201 644 "-" "PostmanRuntime/7.28.4"
::1 - - [25/Oct/2021:06:56:02 +0000] "POST /api/v1/auth HTTP/1.1" 201 644 "-" "PostmanRuntime/7.28.4"
::1 - - [25/Oct/2021:06:57:35 +0000] "POST /api/v1/auth HTTP/1.1" 201 649 "-" "PostmanRuntime/7.28.4"
::1 - - [25/Oct/2021:06:58:52 +0000] "POST /api/v1/auth HTTP/1.1" 201 649 "-" "PostmanRuntime/7.28.4"
::1 - - [25/Oct/2021:07:07:33 +0000] "POST /api/v1/auth HTTP/1.1" 201 649 "-" "PostmanRuntime/7.28.4"
::1 - - [25/Oct/2021:07:08:20 +0000] "POST /api/v1/auth HTTP/1.1" 201 649 "-" "PostmanRuntime/7.28.4"
::1 - - [25/Oct/2021:07:08:33 +0000] "POST /api/v1/auth HTTP/1.1" 500 173 "-" "PostmanRuntime/7.28.4"
::1 - - [25/Oct/2021:07:10:06 +0000] "POST /api/v1/auth HTTP/1.1" 500 173 "-" "PostmanRuntime/7.28.4"
::1 - - [25/Oct/2021:07:10:15 +0000] "POST /api/v1/auth HTTP/1.1" 201 649 "-" "PostmanRuntime/7.28.4"
::1 - - [25/Oct/2021:07:12:38 +0000] "POST /api/v1/auth HTTP/1.1" 500 781 "-" "PostmanRuntime/7.28.4"
::ffff:127.0.0.1 - - [25/Oct/2021:07:12:48 +0000] "GET / HTTP/1.1" 304 - "-" "Mozilla/5.0 (Macintosh; Intel Mac OS X 10.15; rv:93.0) Gecko/20100101 Firefox/93.0"
::ffff:127.0.0.1 - - [25/Oct/2021:07:12:48 +0000] "POST /api/v1/auth HTTP/1.1" 500 205 "http://localhost:4000/" "Mozilla/5.0 (Macintosh; Intel Mac OS X 10.15; rv:93.0) Gecko/20100101 Firefox/93.0"
::1 - - [25/Oct/2021:07:13:03 +0000] "POST /api/v1/auth HTTP/1.1" 500 205 "-" "PostmanRuntime/7.28.4"
::1 - - [25/Oct/2021:07:14:16 +0000] "POST /api/v1/auth HTTP/1.1" 201 649 "-" "PostmanRuntime/7.28.4"
::1 - - [25/Oct/2021:07:14:37 +0000] "POST /api/v1/auth HTTP/1.1" 201 649 "-" "PostmanRuntime/7.28.4"
::1 - - [25/Oct/2021:07:17:39 +0000] "POST /api/v1/auth HTTP/1.1" 500 110 "-" "PostmanRuntime/7.28.4"
::1 - - [25/Oct/2021:07:18:46 +0000] "POST /api/v1/auth HTTP/1.1" 500 111 "-" "PostmanRuntime/7.28.4"
::1 - - [25/Oct/2021:07:18:58 +0000] "POST /api/v1/auth HTTP/1.1" 500 173 "-" "PostmanRuntime/7.28.4"
::1 - - [25/Oct/2021:07:21:00 +0000] "POST /api/v1/auth HTTP/1.1" 500 173 "-" "PostmanRuntime/7.28.4"
::1 - - [25/Oct/2021:07:22:40 +0000] "POST /api/v1/auth HTTP/1.1" 201 664 "-" "PostmanRuntime/7.28.4"
::1 - - [25/Oct/2021:07:23:04 +0000] "POST /api/v1/auth HTTP/1.1" 201 664 "-" "PostmanRuntime/7.28.4"
::1 - - [25/Oct/2021:07:23:40 +0000] "POST /api/v1/auth HTTP/1.1" 201 664 "-" "PostmanRuntime/7.28.4"
::1 - - [25/Oct/2021:07:23:54 +0000] "GET /api/v1/users HTTP/1.1" 401 96 "-" "PostmanRuntime/7.28.4"
::1 - - [25/Oct/2021:07:24:49 +0000] "GET /api/v1/users HTTP/1.1" 401 96 "-" "PostmanRuntime/7.28.4"
::1 - - [25/Oct/2021:07:25:11 +0000] "GET /api/v1/users HTTP/1.1" 401 96 "-" "PostmanRuntime/7.28.4"
::1 - - [25/Oct/2021:07:25:46 +0000] "GET /api/v1/users HTTP/1.1" 401 67 "-" "PostmanRuntime/7.28.4"
::1 - - [25/Oct/2021:07:25:59 +0000] "GET /api/v1/users HTTP/1.1" 401 67 "-" "PostmanRuntime/7.28.4"
::1 - - [25/Oct/2021:07:27:20 +0000] "GET /api/v1/users HTTP/1.1" 401 67 "-" "PostmanRuntime/7.28.4"
::1 - - [25/Oct/2021:07:27:44 +0000] "GET /api/v1/users HTTP/1.1" 401 67 "-" "PostmanRuntime/7.28.4"
::1 - - [25/Oct/2021:07:27:59 +0000] "GET /api/v1/users HTTP/1.1" 401 67 "-" "PostmanRuntime/7.28.4"
::1 - - [25/Oct/2021:07:28:05 +0000] "GET /api/v1/users HTTP/1.1" 401 67 "-" "PostmanRuntime/7.28.4"
::1 - - [25/Oct/2021:07:28:25 +0000] "GET /api/v1/users HTTP/1.1" 401 67 "-" "PostmanRuntime/7.28.4"
::1 - - [25/Oct/2021:07:28:28 +0000] "GET /api/v1/users HTTP/1.1" 401 67 "-" "PostmanRuntime/7.28.4"
::1 - - [25/Oct/2021:07:28:49 +0000] "GET /api/v1/users HTTP/1.1" 401 67 "-" "PostmanRuntime/7.28.4"
::1 - - [25/Oct/2021:07:29:35 +0000] "GET /api/v1/users HTTP/1.1" 401 67 "-" "PostmanRuntime/7.28.4"
::1 - - [25/Oct/2021:07:31:06 +0000] "GET /api/v1/users HTTP/1.1" 401 67 "-" "PostmanRuntime/7.28.4"
::1 - - [25/Oct/2021:07:31:35 +0000] "GET /api/v1/users HTTP/1.1" 401 67 "-" "PostmanRuntime/7.28.4"
::1 - - [25/Oct/2021:07:34:43 +0000] "GET /api/v1/users HTTP/1.1" 500 114 "-" "PostmanRuntime/7.28.4"
::1 - - [25/Oct/2021:07:34:58 +0000] "GET /api/v1/users HTTP/1.1" 401 95 "-" "PostmanRuntime/7.28.4"
::1 - - [25/Oct/2021:07:35:13 +0000] "GET /api/v1/users HTTP/1.1" 401 95 "-" "PostmanRuntime/7.28.4"
::1 - - [25/Oct/2021:07:35:26 +0000] "GET /api/v1/users HTTP/1.1" 401 95 "-" "PostmanRuntime/7.28.4"
::1 - - [25/Oct/2021:07:35:56 +0000] "GET /api/v1/users HTTP/1.1" 401 95 "-" "PostmanRuntime/7.28.4"
::1 - - [25/Oct/2021:07:36:26 +0000] "GET /api/v1/users HTTP/1.1" 401 95 "-" "PostmanRuntime/7.28.4"
::1 - - [25/Oct/2021:07:36:44 +0000] "GET /api/v1/users HTTP/1.1" 401 95 "-" "PostmanRuntime/7.28.4"
::1 - - [25/Oct/2021:07:38:32 +0000] "GET /api/v1/users HTTP/1.1" 401 95 "-" "PostmanRuntime/7.28.4"
::1 - - [25/Oct/2021:07:39:17 +0000] "GET /api/v1/users HTTP/1.1" 401 95 "-" "PostmanRuntime/7.28.4"
::1 - - [25/Oct/2021:07:41:59 +0000] "GET /api/v1/users HTTP/1.1" 500 122 "-" "PostmanRuntime/7.28.4"
::1 - - [25/Oct/2021:07:42:19 +0000] "GET /api/v1/users HTTP/1.1" 500 111 "-" "PostmanRuntime/7.28.4"
::1 - - [25/Oct/2021:07:43:49 +0000] "GET /api/v1/users HTTP/1.1" 500 370 "-" "PostmanRuntime/7.28.4"
::1 - - [25/Oct/2021:07:44:19 +0000] "GET /api/v1/users HTTP/1.1" 500 370 "-" "PostmanRuntime/7.28.4"
::1 - - [25/Oct/2021:07:44:57 +0000] "GET /api/v1/users HTTP/1.1" 200 54 "-" "PostmanRuntime/7.28.4"
::1 - - [25/Oct/2021:07:45:11 +0000] "GET /api/v1/users HTTP/1.1" 200 421 "-" "PostmanRuntime/7.28.4"
::1 - - [25/Oct/2021:13:32:39 +0000] "PUT /api/v1/auth HTTP/1.1" 500 132 "-" "PostmanRuntime/7.28.4"
::1 - - [25/Oct/2021:13:32:59 +0000] "PUT /api/v1/auth HTTP/1.1" 500 132 "-" "PostmanRuntime/7.28.4"
::1 - - [25/Oct/2021:13:33:46 +0000] "PUT /api/v1/auth HTTP/1.1" 500 132 "-" "PostmanRuntime/7.28.4"
::1 - - [25/Oct/2021:13:34:09 +0000] "PUT /api/v1/auth HTTP/1.1" 500 132 "-" "PostmanRuntime/7.28.4"
::1 - - [25/Oct/2021:13:35:17 +0000] "PUT /api/v1/auth HTTP/1.1" 500 132 "-" "PostmanRuntime/7.28.4"
::1 - - [25/Oct/2021:13:35:38 +0000] "PUT /api/v1/auth HTTP/1.1" 500 132 "-" "PostmanRuntime/7.28.4"
::1 - - [25/Oct/2021:13:40:17 +0000] "PUT /api/v1/auth HTTP/1.1" 500 132 "-" "PostmanRuntime/7.28.4"
::1 - - [25/Oct/2021:13:41:01 +0000] "PUT /api/v1/auth HTTP/1.1" 500 132 "-" "PostmanRuntime/7.28.4"
::1 - - [25/Oct/2021:13:41:13 +0000] "PUT /api/v1/auth HTTP/1.1" 500 132 "-" "PostmanRuntime/7.28.4"
::1 - - [25/Oct/2021:13:41:45 +0000] "PUT /api/v1/auth HTTP/1.1" 500 132 "-" "PostmanRuntime/7.28.4"
::1 - - [25/Oct/2021:13:42:04 +0000] "PUT /api/v1/auth HTTP/1.1" 500 132 "-" "PostmanRuntime/7.28.4"
::1 - - [25/Oct/2021:13:43:06 +0000] "PUT /api/v1/auth HTTP/1.1" 500 132 "-" "PostmanRuntime/7.28.4"
::1 - - [25/Oct/2021:13:43:14 +0000] "PUT /api/v1/auth HTTP/1.1" 500 132 "-" "PostmanRuntime/7.28.4"
::1 - - [25/Oct/2021:13:45:31 +0000] "PUT /api/v1/auth HTTP/1.1" 201 664 "-" "PostmanRuntime/7.28.4"
::ffff:127.0.0.1 - - [25/Oct/2021:13:56:59 +0000] "GET / HTTP/1.1" 200 1900 "-" "Mozilla/5.0 (Macintosh; Intel Mac OS X 10.15; rv:93.0) Gecko/20100101 Firefox/93.0"
::ffff:127.0.0.1 - - [25/Oct/2021:13:56:59 +0000] "GET /favicon.ico HTTP/1.1" 200 1150 "http://localhost:4000/" "Mozilla/5.0 (Macintosh; Intel Mac OS X 10.15; rv:93.0) Gecko/20100101 Firefox/93.0"
::ffff:127.0.0.1 - - [25/Oct/2021:13:57:01 +0000] "POST /api/v1/auth HTTP/1.1" 201 664 "http://localhost:4000/" "Mozilla/5.0 (Macintosh; Intel Mac OS X 10.15; rv:93.0) Gecko/20100101 Firefox/93.0"
::ffff:127.0.0.1 - - [25/Oct/2021:13:57:12 +0000] "POST /api/v1/auth HTTP/1.1" 401 102 "http://localhost:4000/" "Mozilla/5.0 (Macintosh; Intel Mac OS X 10.15; rv:93.0) Gecko/20100101 Firefox/93.0"
::1 - - [25/Oct/2021:13:57:47 +0000] "POST /api/v1/register HTTP/1.1" 500 123 "-" "PostmanRuntime/7.28.4"
::1 - - [25/Oct/2021:14:01:03 +0000] "POST /api/v1/register HTTP/1.1" 500 123 "-" "PostmanRuntime/7.28.4"
::1 - - [25/Oct/2021:14:01:24 +0000] "POST /api/v1/register HTTP/1.1" 500 123 "-" "PostmanRuntime/7.28.4"
::1 - - [25/Oct/2021:14:01:49 +0000] "POST /api/v1/register HTTP/1.1" 500 123 "-" "PostmanRuntime/7.28.4"
::1 - - [25/Oct/2021:14:02:07 +0000] "POST /api/v1/register HTTP/1.1" 500 123 "-" "PostmanRuntime/7.28.4"
::1 - - [25/Oct/2021:14:02:52 +0000] "POST /api/v1/register HTTP/1.1" 500 112 "-" "PostmanRuntime/7.28.4"
::1 - - [25/Oct/2021:14:03:37 +0000] "POST /api/v1/register HTTP/1.1" 500 123 "-" "PostmanRuntime/7.28.4"
::1 - - [25/Oct/2021:14:08:46 +0000] "POST /api/v1/register HTTP/1.1" 500 132 "-" "PostmanRuntime/7.28.4"
::1 - - [25/Oct/2021:14:09:17 +0000] "POST /api/v1/register HTTP/1.1" 401 107 "-" "PostmanRuntime/7.28.4"
::1 - - [25/Oct/2021:14:10:30 +0000] "POST /api/v1/register HTTP/1.1" 201 484 "-" "PostmanRuntime/7.28.4"
::1 - - [25/Oct/2021:14:13:45 +0000] "GET /api/v1/users HTTP/1.1" 200 497 "-" "PostmanRuntime/7.28.4"
::ffff:127.0.0.1 - - [25/Oct/2021:14:15:57 +0000] "POST /api/v1/auth HTTP/1.1" 401 102 "http://localhost:4000/" "Mozilla/5.0 (Macintosh; Intel Mac OS X 10.15; rv:93.0) Gecko/20100101 Firefox/93.0"
::1 - - [25/Oct/2021:14:16:16 +0000] "POST /api/v1/register HTTP/1.1" 500 262 "-" "PostmanRuntime/7.28.4"
::1 - - [25/Oct/2021:14:16:55 +0000] "POST /api/v1/register HTTP/1.1" 500 262 "-" "PostmanRuntime/7.28.4"
::1 - - [25/Oct/2021:14:18:12 +0000] "POST /api/v1/register HTTP/1.1" 500 123 "-" "PostmanRuntime/7.28.4"
::1 - - [25/Oct/2021:14:20:09 +0000] "POST /api/v1/register HTTP/1.1" 401 107 "-" "PostmanRuntime/7.28.4"
::ffff:127.0.0.1 - - [25/Oct/2021:14:29:13 +0000] "POST /api/v1/auth HTTP/1.1" 401 102 "http://localhost:4000/" "Mozilla/5.0 (Macintosh; Intel Mac OS X 10.15; rv:93.0) Gecko/20100101 Firefox/93.0"
::1 - - [25/Oct/2021:14:29:32 +0000] "POST /api/v1/register HTTP/1.1" 500 258 "-" "PostmanRuntime/7.28.4"
::1 - - [25/Oct/2021:14:30:57 +0000] "POST /api/v1/register HTTP/1.1" 401 107 "-" "PostmanRuntime/7.28.4"
::1 - - [25/Oct/2021:14:31:34 +0000] "POST /api/v1/register HTTP/1.1" 500 258 "-" "PostmanRuntime/7.28.4"
::1 - - [25/Oct/2021:14:32:46 +0000] "POST /api/v1/register HTTP/1.1" 500 124 "-" "PostmanRuntime/7.28.4"
::1 - - [25/Oct/2021:14:35:03 +0000] "POST /api/v1/register HTTP/1.1" 500 124 "-" "PostmanRuntime/7.28.4"
::1 - - [25/Oct/2021:14:36:20 +0000] "POST /api/v1/register HTTP/1.1" 500 124 "-" "PostmanRuntime/7.28.4"
::1 - - [25/Oct/2021:14:46:16 +0000] "POST /api/v1/register HTTP/1.1" 500 132 "-" "PostmanRuntime/7.28.4"
::1 - - [25/Oct/2021:14:47:15 +0000] "POST /api/v1/register HTTP/1.1" 500 258 "-" "PostmanRuntime/7.28.4"
::1 - - [25/Oct/2021:14:48:55 +0000] "POST /api/v1/register HTTP/1.1" 401 107 "-" "PostmanRuntime/7.28.4"
::1 - - [25/Oct/2021:15:01:12 +0000] "POST /api/v1/register HTTP/1.1" 500 136 "-" "PostmanRuntime/7.28.4"
::1 - - [25/Oct/2021:15:02:27 +0000] "POST /api/v1/register HTTP/1.1" 500 153 "-" "PostmanRuntime/7.28.4"
::1 - - [25/Oct/2021:15:02:58 +0000] "POST /api/v1/register HTTP/1.1" 500 153 "-" "PostmanRuntime/7.28.4"
::1 - - [25/Oct/2021:15:03:14 +0000] "POST /api/v1/register HTTP/1.1" 500 153 "-" "PostmanRuntime/7.28.4"
::1 - - [25/Oct/2021:15:06:12 +0000] "POST /api/v1/register HTTP/1.1" 500 153 "-" "PostmanRuntime/7.28.4"
::1 - - [25/Oct/2021:15:07:43 +0000] "POST /api/v1/register HTTP/1.1" 500 153 "-" "PostmanRuntime/7.28.4"
::1 - - [25/Oct/2021:15:07:52 +0000] "POST /api/v1/register HTTP/1.1" 500 153 "-" "PostmanRuntime/7.28.4"
::1 - - [25/Oct/2021:15:08:25 +0000] "POST /api/v1/register HTTP/1.1" 500 124 "-" "PostmanRuntime/7.28.4"
::1 - - [25/Oct/2021:15:09:24 +0000] "POST /api/v1/register HTTP/1.1" 500 121 "-" "PostmanRuntime/7.28.4"
::1 - - [25/Oct/2021:15:09:36 +0000] "POST /api/v1/register HTTP/1.1" 500 124 "-" "PostmanRuntime/7.28.4"
::1 - - [25/Oct/2021:15:10:54 +0000] "POST /api/v1/register HTTP/1.1" 500 113 "-" "PostmanRuntime/7.28.4"
::1 - - [25/Oct/2021:15:11:05 +0000] "POST /api/v1/register HTTP/1.1" 500 153 "-" "PostmanRuntime/7.28.4"
::1 - - [25/Oct/2021:15:11:36 +0000] "POST /api/v1/register HTTP/1.1" 500 153 "-" "PostmanRuntime/7.28.4"
::1 - - [25/Oct/2021:15:12:04 +0000] "POST /api/v1/register HTTP/1.1" 500 153 "-" "PostmanRuntime/7.28.4"
::1 - - [25/Oct/2021:15:12:24 +0000] "POST /api/v1/register HTTP/1.1" 500 153 "-" "PostmanRuntime/7.28.4"
::1 - - [25/Oct/2021:15:13:08 +0000] "POST /api/v1/register HTTP/1.1" 500 258 "-" "PostmanRuntime/7.28.4"
::1 - - [25/Oct/2021:15:13:56 +0000] "POST /api/v1/register HTTP/1.1" 401 107 "-" "PostmanRuntime/7.28.4"
::1 - - [25/Oct/2021:15:15:15 +0000] "POST /api/v1/register HTTP/1.1" 500 128 "-" "PostmanRuntime/7.28.4"
::1 - - [25/Oct/2021:15:15:40 +0000] "POST /api/v1/register HTTP/1.1" 201 655 "-" "PostmanRuntime/7.28.4"
::ffff:127.0.0.1 - - [25/Oct/2021:15:16:40 +0000] "POST /api/v1/auth HTTP/1.1" 401 102 "http://localhost:4000/" "Mozilla/5.0 (Macintosh; Intel Mac OS X 10.15; rv:93.0) Gecko/20100101 Firefox/93.0"
::1 - - [25/Oct/2021:15:17:39 +0000] "POST /api/v1/register HTTP/1.1" 500 153 "-" "PostmanRuntime/7.28.4"
::1 - - [25/Oct/2021:15:17:56 +0000] "POST /api/v1/register HTTP/1.1" 201 681 "-" "PostmanRuntime/7.28.4"
::1 - - [25/Oct/2021:15:18:59 +0000] "GET /api/v1/users HTTP/1.1" 200 1341 "-" "PostmanRuntime/7.28.4"
::ffff:127.0.0.1 - - [25/Oct/2021:15:20:49 +0000] "POST /api/v1/auth HTTP/1.1" 401 102 "http://localhost:4000/" "Mozilla/5.0 (Macintosh; Intel Mac OS X 10.15; rv:93.0) Gecko/20100101 Firefox/93.0"
::1 - - [25/Oct/2021:15:21:09 +0000] "POST /api/v1/register HTTP/1.1" 201 687 "-" "PostmanRuntime/7.28.4"
::1 - - [25/Oct/2021:15:21:13 +0000] "GET /api/v1/users HTTP/1.1" 200 1775 "-" "PostmanRuntime/7.28.4"
::ffff:127.0.0.1 - - [25/Oct/2021:15:25:05 +0000] "GET / HTTP/1.1" 304 - "-" "Mozilla/5.0 (Macintosh; Intel Mac OS X 10.15; rv:93.0) Gecko/20100101 Firefox/93.0"
::ffff:127.0.0.1 - - [25/Oct/2021:15:25:06 +0000] "POST /api/v1/auth HTTP/1.1" 201 687 "http://localhost:4000/" "Mozilla/5.0 (Macintosh; Intel Mac OS X 10.15; rv:93.0) Gecko/20100101 Firefox/93.0"
::1 - - [25/Oct/2021:15:26:56 +0000] "GET /api/v1/users HTTP/1.1" 200 1775 "-" "PostmanRuntime/7.28.4"
::1 - - [25/Oct/2021:15:27:04 +0000] "PUT /api/v1/auth HTTP/1.1" 201 429 "-" "PostmanRuntime/7.28.4"
::1 - - [25/Oct/2021:16:07:20 +0000] "GET /api/v1/users HTTP/1.1" 200 1775 "-" "PostmanRuntime/7.28.4"
::1 - - [25/Oct/2021:16:07:37 +0000] "GET /api/v1/users?sort=-lastname HTTP/1.1" 200 1775 "-" "PostmanRuntime/7.28.4"
::1 - - [25/Oct/2021:16:07:50 +0000] "GET /api/v1/users?sort=-lastname HTTP/1.1" 200 1775 "-" "PostmanRuntime/7.28.4"
::1 - - [25/Oct/2021:16:08:12 +0000] "GET /api/v1/users?sort=-lastname HTTP/1.1" 200 1775 "-" "PostmanRuntime/7.28.4"
::1 - - [25/Oct/2021:16:08:34 +0000] "GET /api/v1/users?sort=-lastname,firstname HTTP/1.1" 200 1775 "-" "PostmanRuntime/7.28.4"
::1 - - [25/Oct/2021:16:08:59 +0000] "GET /api/v1/users?sort=lastname,-firstname HTTP/1.1" 200 1775 "-" "PostmanRuntime/7.28.4"
::1 - - [25/Oct/2021:16:10:42 +0000] "GET /api/v1/users?sort=lastname,-firstnameaa HTTP/1.1" 200 1775 "-" "PostmanRuntime/7.28.4"
::1 - - [25/Oct/2021:16:10:52 +0000] "GET /api/v1/users?sort=lastname HTTP/1.1" 200 1775 "-" "PostmanRuntime/7.28.4"
::1 - - [25/Oct/2021:16:21:42 +0000] "GET /api/v1/users?sort=lastname&page=1 HTTP/1.1" 500 134 "-" "PostmanRuntime/7.28.4"
::1 - - [25/Oct/2021:16:25:02 +0000] "GET /api/v1/users?sort=lastname&page=1 HTTP/1.1" 500 134 "-" "PostmanRuntime/7.28.4"
::1 - - [25/Oct/2021:16:25:11 +0000] "GET /api/v1/users?sort=lastname&page=1 HTTP/1.1" 200 1934 "-" "PostmanRuntime/7.28.4"
::1 - - [25/Oct/2021:16:26:00 +0000] "GET /api/v1/users?sort=lastname&page=1 HTTP/1.1" 200 1934 "-" "PostmanRuntime/7.28.4"
::1 - - [25/Oct/2021:16:26:23 +0000] "GET /api/v1/users?sort=lastname&page=1 HTTP/1.1" 200 1934 "-" "PostmanRuntime/7.28.4"
::1 - - [25/Oct/2021:16:26:49 +0000] "GET /api/v1/users?sort=lastname&page=1 HTTP/1.1" 200 1040 "-" "PostmanRuntime/7.28.4"
::1 - - [25/Oct/2021:16:27:06 +0000] "GET /api/v1/users?sort=lastname&page=1 HTTP/1.1" 200 1040 "-" "PostmanRuntime/7.28.4"
::1 - - [25/Oct/2021:16:27:22 +0000] "GET /api/v1/users?sort=lastname&page=1 HTTP/1.1" 200 1040 "-" "PostmanRuntime/7.28.4"
::1 - - [25/Oct/2021:16:27:50 +0000] "GET /api/v1/users?sort=lastname&page=2 HTTP/1.1" 200 636 "-" "PostmanRuntime/7.28.4"
::1 - - [25/Oct/2021:16:28:07 +0000] "GET /api/v1/users?sort=lastname&page=3 HTTP/1.1" 200 630 "-" "PostmanRuntime/7.28.4"
::1 - - [25/Oct/2021:16:28:29 +0000] "GET /api/v1/users?sort=lastname&page=0 HTTP/1.1" 200 1040 "-" "PostmanRuntime/7.28.4"
::1 - - [25/Oct/2021:16:28:43 +0000] "GET /api/v1/users?sort=lastname&page=1 HTTP/1.1" 200 1040 "-" "PostmanRuntime/7.28.4"
::1 - - [25/Oct/2021:16:28:48 +0000] "GET /api/v1/users?sort=lastname&page=2 HTTP/1.1" 200 636 "-" "PostmanRuntime/7.28.4"
::1 - - [25/Oct/2021:16:28:51 +0000] "GET /api/v1/users?sort=lastname&page=3 HTTP/1.1" 200 630 "-" "PostmanRuntime/7.28.4"
::1 - - [25/Oct/2021:16:30:03 +0000] "GET /api/v1/users?sort=-lastname&page=3 HTTP/1.1" 200 623 "-" "PostmanRuntime/7.28.4"
::1 - - [25/Oct/2021:16:30:15 +0000] "GET /api/v1/users?sort=-lastname&page=3 HTTP/1.1" 200 623 "-" "PostmanRuntime/7.28.4"
::1 - - [25/Oct/2021:17:47:26 +0000] "GET /api/v1/users?sort=-lastname&page=3 HTTP/1.1" 500 111 "-" "PostmanRuntime/7.28.4"
::1 - - [25/Oct/2021:17:47:35 +0000] "GET /api/v1/users?sort=-lastname&page=3 HTTP/1.1" 200 623 "-" "PostmanRuntime/7.28.4"
::1 - - [25/Oct/2021:17:49:05 +0000] "GET /api/v1/users?sort=-lastname&page=3 HTTP/1.1" 200 623 "-" "PostmanRuntime/7.28.4"
::1 - - [25/Oct/2021:17:50:13 +0000] "GET /api/v1/users?sort=-lastname&page=3 HTTP/1.1" 200 623 "-" "PostmanRuntime/7.28.4"
::1 - - [25/Oct/2021:17:50:28 +0000] "GET /api/v1/users HTTP/1.1" 200 640 "-" "PostmanRuntime/7.28.4"
::1 - - [25/Oct/2021:17:52:44 +0000] "GET /api/v1/users HTTP/1.1" 200 640 "-" "PostmanRuntime/7.28.4"
::1 - - [25/Oct/2021:17:52:53 +0000] "GET /api/v1/users?paginate=0 HTTP/1.1" 200 1775 "-" "PostmanRuntime/7.28.4"
::1 - - [25/Oct/2021:18:04:25 +0000] "GET /api/v1/users?firstname=koke HTTP/1.1" 200 640 "-" "PostmanRuntime/7.28.4"
::1 - - [25/Oct/2021:18:04:42 +0000] "GET /api/v1/users?firstname=koke HTTP/1.1" 500 130 "-" "PostmanRuntime/7.28.4"
::1 - - [25/Oct/2021:18:04:58 +0000] "GET /api/v1/users?firstname=koke HTTP/1.1" 200 640 "-" "PostmanRuntime/7.28.4"
::1 - - [25/Oct/2021:18:05:26 +0000] "GET /api/v1/users?firstname=koke HTTP/1.1" 200 640 "-" "PostmanRuntime/7.28.4"
::1 - - [25/Oct/2021:18:05:30 +0000] "GET /api/v1/users?firstname=koke HTTP/1.1" 200 640 "-" "PostmanRuntime/7.28.4"
::1 - - [25/Oct/2021:18:05:46 +0000] "GET /api/v1/users?firstname=koke HTTP/1.1" 200 640 "-" "PostmanRuntime/7.28.4"
::1 - - [25/Oct/2021:18:06:01 +0000] "GET /api/v1/users?firstname=koke HTTP/1.1" 200 640 "-" "PostmanRuntime/7.28.4"
::1 - - [25/Oct/2021:18:06:59 +0000] "GET /api/v1/users?firstname=koke HTTP/1.1" 200 640 "-" "PostmanRuntime/7.28.4"
::1 - - [25/Oct/2021:18:07:15 +0000] "GET /api/v1/users?firstname=koke HTTP/1.1" 200 640 "-" "PostmanRuntime/7.28.4"
::1 - - [25/Oct/2021:18:07:33 +0000] "GET /api/v1/users?firstname=koke HTTP/1.1" 200 640 "-" "PostmanRuntime/7.28.4"
::1 - - [25/Oct/2021:18:09:41 +0000] "GET /api/v1/users?firstname=koke HTTP/1.1" 200 640 "-" "PostmanRuntime/7.28.4"
::1 - - [25/Oct/2021:18:12:38 +0000] "GET /api/v1/users?firstname=koke HTTP/1.1" 200 640 "-" "PostmanRuntime/7.28.4"
::1 - - [25/Oct/2021:18:13:33 +0000] "GET /api/v1/users?firstname=koke HTTP/1.1" 500 110 "-" "PostmanRuntime/7.28.4"
::1 - - [25/Oct/2021:18:13:49 +0000] "GET /api/v1/users?firstname=koke HTTP/1.1" 200 640 "-" "PostmanRuntime/7.28.4"
::1 - - [25/Oct/2021:18:14:04 +0000] "GET /api/v1/users?firstname=koke HTTP/1.1" 200 640 "-" "PostmanRuntime/7.28.4"
::1 - - [25/Oct/2021:18:17:57 +0000] "GET /api/v1/users?firstname=koke HTTP/1.1" 500 158 "-" "PostmanRuntime/7.28.4"
::1 - - [25/Oct/2021:18:21:50 +0000] "GET /api/v1/users?firstname=koke HTTP/1.1" 200 201 "-" "PostmanRuntime/7.28.4"
::1 - - [25/Oct/2021:18:25:53 +0000] "GET /api/v1/users?firstname=koke HTTP/1.1" 200 201 "-" "PostmanRuntime/7.28.4"
::1 - - [25/Oct/2021:18:26:21 +0000] "GET /api/v1/users?firstname=koke HTTP/1.1" 200 201 "-" "PostmanRuntime/7.28.4"
::1 - - [25/Oct/2021:18:27:33 +0000] "GET /api/v1/users?firstname=koke HTTP/1.1" 200 201 "-" "PostmanRuntime/7.28.4"
::1 - - [25/Oct/2021:18:28:34 +0000] "GET /api/v1/users?firstname=koke HTTP/1.1" 200 201 "-" "PostmanRuntime/7.28.4"
::1 - - [26/Oct/2021:01:55:05 +0000] "GET /api/v1/users?firstname=koke HTTP/1.1" 200 201 "-" "PostmanRuntime/7.28.4"
::1 - - [26/Oct/2021:01:55:36 +0000] "GET /api/v1/users?firstname=koke HTTP/1.1" 200 201 "-" "PostmanRuntime/7.28.4"
::1 - - [26/Oct/2021:01:57:46 +0000] "GET /api/v1/users?firstname=koke HTTP/1.1" 500 195 "-" "PostmanRuntime/7.28.4"
::1 - - [26/Oct/2021:01:58:08 +0000] "GET /api/v1/users?firstname=koke HTTP/1.1" 500 208 "-" "PostmanRuntime/7.28.4"
::1 - - [26/Oct/2021:01:59:00 +0000] "GET /api/v1/users?firstname=koke HTTP/1.1" 200 201 "-" "PostmanRuntime/7.28.4"
::1 - - [26/Oct/2021:01:59:34 +0000] "GET /api/v1/users?firstname=koke HTTP/1.1" 200 201 "-" "PostmanRuntime/7.28.4"
::1 - - [26/Oct/2021:01:59:49 +0000] "GET /api/v1/users?firstname=koke HTTP/1.1" 200 201 "-" "PostmanRuntime/7.28.4"
::1 - - [26/Oct/2021:02:00:00 +0000] "GET /api/v1/users?firstname=koke HTTP/1.1" 200 201 "-" "PostmanRuntime/7.28.4"
::1 - - [26/Oct/2021:02:00:30 +0000] "GET /api/v1/users?firstname=koke HTTP/1.1" 200 201 "-" "PostmanRuntime/7.28.4"
::1 - - [26/Oct/2021:02:00:50 +0000] "GET /api/v1/users?firstname=koke HTTP/1.1" 200 201 "-" "PostmanRuntime/7.28.4"
::1 - - [26/Oct/2021:02:01:36 +0000] "GET /api/v1/users?firstname=koke HTTP/1.1" 200 201 "-" "PostmanRuntime/7.28.4"
::1 - - [26/Oct/2021:02:02:16 +0000] "GET /api/v1/users?firstname=koke HTTP/1.1" 200 201 "-" "PostmanRuntime/7.28.4"
::1 - - [26/Oct/2021:02:03:23 +0000] "GET /api/v1/users?firstname=koke HTTP/1.1" 200 201 "-" "PostmanRuntime/7.28.4"
::1 - - [26/Oct/2021:02:04:15 +0000] "GET /api/v1/users?firstname=koke HTTP/1.1" 200 201 "-" "PostmanRuntime/7.28.4"
::1 - - [26/Oct/2021:02:04:24 +0000] "GET /api/v1/users?firstname=koke HTTP/1.1" 200 201 "-" "PostmanRuntime/7.28.4"
::1 - - [26/Oct/2021:02:04:47 +0000] "GET /api/v1/users?firstname=koke HTTP/1.1" 200 201 "-" "PostmanRuntime/7.28.4"
::1 - - [26/Oct/2021:02:05:39 +0000] "GET /api/v1/users?firstname=koke HTTP/1.1" 200 201 "-" "PostmanRuntime/7.28.4"
::1 - - [26/Oct/2021:02:06:54 +0000] "GET /api/v1/users?firstname=koke HTTP/1.1" 500 110 "-" "PostmanRuntime/7.28.4"
::1 - - [26/Oct/2021:02:07:17 +0000] "GET /api/v1/users?firstname=koke HTTP/1.1" 500 183 "-" "PostmanRuntime/7.28.4"
::1 - - [26/Oct/2021:02:07:39 +0000] "GET /api/v1/users?firstname=koke HTTP/1.1" 500 130 "-" "PostmanRuntime/7.28.4"
::1 - - [26/Oct/2021:02:13:00 +0000] "GET /api/v1/users?firstname=koke HTTP/1.1" 500 109 "-" "PostmanRuntime/7.28.4"
::1 - - [26/Oct/2021:02:15:11 +0000] "GET /api/v1/users?firstname=koke HTTP/1.1" 500 211 "-" "PostmanRuntime/7.28.4"
::1 - - [26/Oct/2021:02:15:49 +0000] "GET /api/v1/users?firstname=koke HTTP/1.1" 500 110 "-" "PostmanRuntime/7.28.4"
::1 - - [26/Oct/2021:02:16:50 +0000] "GET /api/v1/users?firstname=koke HTTP/1.1" 500 210 "-" "PostmanRuntime/7.28.4"
::1 - - [26/Oct/2021:02:17:33 +0000] "GET /api/v1/users?firstname=koke HTTP/1.1" 500 213 "-" "PostmanRuntime/7.28.4"
::1 - - [26/Oct/2021:02:19:09 +0000] "GET /api/v1/users?firstname=koke HTTP/1.1" 500 134 "-" "PostmanRuntime/7.28.4"
::1 - - [26/Oct/2021:02:19:49 +0000] "GET /api/v1/users?firstname=koke HTTP/1.1" 500 134 "-" "PostmanRuntime/7.28.4"
::1 - - [26/Oct/2021:02:20:46 +0000] "GET /api/v1/users?firstname=koke HTTP/1.1" 500 134 "-" "PostmanRuntime/7.28.4"
::1 - - [26/Oct/2021:02:21:33 +0000] "GET /api/v1/users?firstname=koke HTTP/1.1" 200 640 "-" "PostmanRuntime/7.28.4"
::1 - - [26/Oct/2021:02:22:57 +0000] "GET /api/v1/users?firstname=koke HTTP/1.1" 200 640 "-" "PostmanRuntime/7.28.4"
::1 - - [26/Oct/2021:02:23:20 +0000] "GET /api/v1/users?firstname=nn HTTP/1.1" 200 640 "-" "PostmanRuntime/7.28.4"
::1 - - [26/Oct/2021:02:23:55 +0000] "GET /api/v1/users?firstname=nn&email=jp@mat.uc.cl HTTP/1.1" 200 640 "-" "PostmanRuntime/7.28.4"
::1 - - [26/Oct/2021:02:24:30 +0000] "GET /api/v1/users?firstname=nn&email=jp@mat.uc.cl HTTP/1.1" 200 914 "-" "PostmanRuntime/7.28.4"
::1 - - [26/Oct/2021:02:24:54 +0000] "GET /api/v1/users?firstname=nn&email=jp@mat.uc.cl HTTP/1.1" 200 497 "-" "PostmanRuntime/7.28.4"
::1 - - [26/Oct/2021:02:26:46 +0000] "GET /api/v1/users?firstname=nn&email=jp@mat.uc.cl HTTP/1.1" 200 497 "-" "PostmanRuntime/7.28.4"
::1 - - [26/Oct/2021:02:27:44 +0000] "GET /api/v1/users?firstname=nn&email=jp@mat.uc.cl HTTP/1.1" 500 109 "-" "PostmanRuntime/7.28.4"
::1 - - [26/Oct/2021:02:27:53 +0000] "GET /api/v1/users?firstname=nn&email=jp@mat.uc.cl HTTP/1.1" 200 497 "-" "PostmanRuntime/7.28.4"
::1 - - [26/Oct/2021:02:29:48 +0000] "GET /api/v1/users?firstname=nn&email=jp@mat.uc.cl HTTP/1.1" 200 497 "-" "PostmanRuntime/7.28.4"
::1 - - [26/Oct/2021:02:30:04 +0000] "GET /api/v1/users?firstname=nn&email=jp@mat.uc.cl HTTP/1.1" 500 110 "-" "PostmanRuntime/7.28.4"
::1 - - [26/Oct/2021:02:30:08 +0000] "GET /api/v1/users?firstname=nn&email=jp@mat.uc.cl HTTP/1.1" 500 110 "-" "PostmanRuntime/7.28.4"
::1 - - [26/Oct/2021:02:33:11 +0000] "GET /api/v1/users?firstname=nn&email=jp@mat.uc.cl HTTP/1.1" 200 497 "-" "PostmanRuntime/7.28.4"
::1 - - [26/Oct/2021:02:33:36 +0000] "GET /api/v1/users?firstname=nn&email=jp@mat.uc.cl HTTP/1.1" 200 497 "-" "PostmanRuntime/7.28.4"
::1 - - [26/Oct/2021:02:33:55 +0000] "GET /api/v1/users?firstname=nn&email=jp@mat.uc.cl HTTP/1.1" 200 497 "-" "PostmanRuntime/7.28.4"
::1 - - [26/Oct/2021:02:34:07 +0000] "GET /api/v1/users?firstname=nn&email=jp@mat.uc.cl HTTP/1.1" 500 108 "-" "PostmanRuntime/7.28.4"
::1 - - [26/Oct/2021:02:34:28 +0000] "GET /api/v1/users?firstname=nn&email=jp@mat.uc.cl HTTP/1.1" 200 497 "-" "PostmanRuntime/7.28.4"
::1 - - [26/Oct/2021:02:34:46 +0000] "GET /api/v1/users?firstname=nn&email=jp@mat.uc.cl HTTP/1.1" 200 497 "-" "PostmanRuntime/7.28.4"
::1 - - [26/Oct/2021:02:35:03 +0000] "GET /api/v1/users?firstname=nn&email=jp@mat.uc.cl HTTP/1.1" 200 497 "-" "PostmanRuntime/7.28.4"
::1 - - [26/Oct/2021:02:35:28 +0000] "GET /api/v1/users?firstname=nn&email=jp@mat.uc.cl HTTP/1.1" 200 44 "-" "PostmanRuntime/7.28.4"
::1 - - [26/Oct/2021:02:35:44 +0000] "GET /api/v1/users?firstname=nn&email=jp@mat.uc.cl HTTP/1.1" 200 44 "-" "PostmanRuntime/7.28.4"
::1 - - [26/Oct/2021:02:36:44 +0000] "GET /api/v1/users?firstname=nn&email=jp@mat.uc.cl HTTP/1.1" 200 44 "-" "PostmanRuntime/7.28.4"
::1 - - [26/Oct/2021:02:37:26 +0000] "GET /api/v1/users?firstname=nn&email=jp@mat.uc.cl HTTP/1.1" 200 44 "-" "PostmanRuntime/7.28.4"
::1 - - [26/Oct/2021:02:37:48 +0000] "GET /api/v1/users?firstname=nn&email=jp@mat.uc.cl HTTP/1.1" 200 54 "-" "PostmanRuntime/7.28.4"
::1 - - [26/Oct/2021:02:37:59 +0000] "GET /api/v1/users?firstname=nn&email=jp@mat.uc.cl HTTP/1.1" 200 497 "-" "PostmanRuntime/7.28.4"
::1 - - [26/Oct/2021:02:38:22 +0000] "GET /api/v1/users?firstname=nn&email=jp@mat.uc.cl HTTP/1.1" 200 54 "-" "PostmanRuntime/7.28.4"
::1 - - [26/Oct/2021:02:39:03 +0000] "GET /api/v1/users?firstname=nn&email=jp@mat.uc.cl HTTP/1.1" 200 54 "-" "PostmanRuntime/7.28.4"
::1 - - [26/Oct/2021:02:40:15 +0000] "GET /api/v1/users?firstname=nn&email=jp@mat.uc.cl HTTP/1.1" 200 54 "-" "PostmanRuntime/7.28.4"
::1 - - [26/Oct/2021:02:41:09 +0000] "GET /api/v1/users?firstname=nn&email=jp@mat.uc.cl HTTP/1.1" 200 54 "-" "PostmanRuntime/7.28.4"
::1 - - [26/Oct/2021:02:42:27 +0000] "GET /api/v1/users?firstname=nn&email=jp@mat.uc.cl HTTP/1.1" 200 54 "-" "PostmanRuntime/7.28.4"
::1 - - [26/Oct/2021:02:42:48 +0000] "GET /api/v1/users?email=jp@mat.uc.cl HTTP/1.1" 200 54 "-" "PostmanRuntime/7.28.4"
::1 - - [26/Oct/2021:02:43:11 +0000] "GET /api/v1/users?email=jp@mat.uc.cl HTTP/1.1" 200 392 "-" "PostmanRuntime/7.28.4"
::1 - - [26/Oct/2021:02:43:25 +0000] "GET /api/v1/users?lastname=ponce HTTP/1.1" 200 644 "-" "PostmanRuntime/7.28.4"
::1 - - [26/Oct/2021:02:43:33 +0000] "GET /api/v1/users?lastname=PONCE HTTP/1.1" 200 644 "-" "PostmanRuntime/7.28.4"
::1 - - [26/Oct/2021:02:43:39 +0000] "GET /api/v1/users?lastname=KOKE HTTP/1.1" 200 617 "-" "PostmanRuntime/7.28.4"
::1 - - [26/Oct/2021:02:45:31 +0000] "GET /api/v1/users?lastname=KOKE&paginate=0 HTTP/1.1" 200 470 "-" "PostmanRuntime/7.28.4"
::1 - - [26/Oct/2021:02:46:05 +0000] "GET /api/v1/users?lastname=KOKE HTTP/1.1" 200 617 "-" "PostmanRuntime/7.28.4"
::1 - - [26/Oct/2021:02:46:11 +0000] "GET /api/v1/users?lastname=jorge HTTP/1.1" 200 201 "-" "PostmanRuntime/7.28.4"
::1 - - [26/Oct/2021:02:46:19 +0000] "GET /api/v1/users?lastname=toloza HTTP/1.1" 200 452 "-" "PostmanRuntime/7.28.4"
::1 - - [26/Oct/2021:02:46:35 +0000] "GET /api/v1/users?lastname=toloza&paginate=0 HTTP/1.1" 200 305 "-" "PostmanRuntime/7.28.4"
::1 - - [26/Oct/2021:02:47:48 +0000] "GET /api/v1/users?lastname=toloza&paginate=0 HTTP/1.1" 500 111 "-" "PostmanRuntime/7.28.4"
::1 - - [26/Oct/2021:02:48:02 +0000] "GET /api/v1/users?lastname=toloza&paginate=0 HTTP/1.1" 200 305 "-" "PostmanRuntime/7.28.4"
::1 - - [26/Oct/2021:02:49:13 +0000] "GET /api/v1/users?lastname=toloza&paginate=0 HTTP/1.1" 200 305 "-" "PostmanRuntime/7.28.4"
::1 - - [26/Oct/2021:02:49:22 +0000] "GET /api/v1/users?lastname=toloza HTTP/1.1" 200 452 "-" "PostmanRuntime/7.28.4"
::1 - - [26/Oct/2021:02:50:12 +0000] "GET /api/v1/users/6176bad5217d0872bdb946c9 HTTP/1.1" 404 54 "-" "PostmanRuntime/7.28.4"
::1 - - [26/Oct/2021:02:51:25 +0000] "GET /api/v1/users/6176bad5217d0872bdb946c9 HTTP/1.1" 401 95 "-" "PostmanRuntime/7.28.4"
::1 - - [26/Oct/2021:02:52:39 +0000] "GET /api/v1/users/6176bad5217d0872bdb946c9 HTTP/1.1" 500 110 "-" "PostmanRuntime/7.28.4"
::1 - - [26/Oct/2021:02:53:23 +0000] "GET /api/v1/users/6176bad5217d0872bdb946c9 HTTP/1.1" 401 95 "-" "PostmanRuntime/7.28.4"
::1 - - [26/Oct/2021:02:54:03 +0000] "GET /api/v1/users/6176bad5217d0872bdb946c9 HTTP/1.1" 200 303 "-" "PostmanRuntime/7.28.4"
::1 - - [26/Oct/2021:02:54:18 +0000] "GET /api/v1/users/6176bad5217d0872bdb946c9 HTTP/1.1" 200 303 "-" "PostmanRuntime/7.28.4"
::1 - - [26/Oct/2021:02:54:27 +0000] "GET /api/v1/users/6176bad5217d0872bdb946c9 HTTP/1.1" 200 303 "-" "PostmanRuntime/7.28.4"
::1 - - [26/Oct/2021:02:54:50 +0000] "GET /api/v1/users/6176bad5217d0872bdb946c9 HTTP/1.1" 200 303 "-" "PostmanRuntime/7.28.4"
